<?xml version="1.0" encoding="utf-8"?><testsuites name="pytest tests"><testsuite name="pytest" errors="0" failures="0" skipped="0" tests="24" time="10.067" timestamp="2026-03-23T22:54:34.494449+00:00" hostname="agent-env-df369ef6-00b3-4234-81d2-97142507bfa4"><testcase classname="tests.test_backend_api.TestHealth" name="test_health_check" time="0.229" /><testcase classname="tests.test_backend_api.TestAuth" name="test_register_success" time="0.396" /><testcase classname="tests.test_backend_api.TestAuth" name="test_register_duplicate_email" time="0.464" /><testcase classname="tests.test_backend_api.TestAuth" name="test_login_success" time="0.604" /><testcase classname="tests.test_backend_api.TestAuth" name="test_login_invalid_credentials" time="0.100" /><testcase classname="tests.test_backend_api.TestAuth" name="test_get_me" time="0.454" /><testcase classname="tests.test_backend_api.TestGoals" name="test_create_goal_and_verify" time="0.459" /><testcase classname="tests.test_backend_api.TestGoals" name="test_list_goals" time="0.410" /><testcase classname="tests.test_backend_api.TestGoals" name="test_update_goal" time="0.599" /><testcase classname="tests.test_backend_api.TestGoals" name="test_delete_goal" time="0.525" /><testcase classname="tests.test_backend_api.TestMilestones" name="test_add_milestone" time="0.471" /><testcase classname="tests.test_backend_api.TestMilestones" name="test_toggle_milestone" time="0.533" /><testcase classname="tests.test_backend_api.TestMilestones" name="test_delete_milestone" time="0.525" /><testcase classname="tests.test_backend_api.TestTasks" name="test_create_task_and_verify" time="0.461" /><testcase classname="tests.test_backend_api.TestTasks" name="test_list_tasks" time="0.418" /><testcase classname="tests.test_backend_api.TestTasks" name="test_toggle_task" time="0.485" /><testcase classname="tests.test_backend_api.TestTasks" name="test_delete_task" time="0.493" /><testcase classname="tests.test_backend_api.TestReminders" name="test_create_reminder_and_verify" time="0.431" /><testcase classname="tests.test_backend_api.TestReminders" name="test_list_reminders" time="0.381" /><testcase classname="tests.test_backend_api.TestReminders" name="test_update_reminder" time="0.426" /><testcase classname="tests.test_backend_api.TestReminders" name="test_delete_reminder" time="0.502" /><testcase classname="tests.test_backend_api.TestStats" name="test_get_stats" time="0.374" /><testcase classname="tests.test_backend_api.TestQuotes" name="test_get_daily_quote" time="0.108" /><testcase classname="tests.test_backend_api.TestQuotes" name="test_get_random_quote" time="0.141" /></testsuite></testsuites>